    OpenRGB v0.9+ (git1693)
    Commit: 692ca00011e6eca52fad05b0c140dd280955c4af from 2025-10-31 07:57:46 -0500
    Launched: 20251102_193642
====================================================================================================

0     |Info:    [ProfileManager] Found file: 1.orp attempting to validate header
0     |Info:    [ProfileManager] Valid v5 profile found for 1
59    |Info:    [ResourceManager] Initializing HID interfaces: Success
59    |Info:    ------------------------------------------------------
59    |Info:    |               Start device detection               |
59    |Info:    ------------------------------------------------------
65    |Info:    ------------------------------------------------------
65    |Info:    |             Detecting I2C interfaces               |
65    |Info:    ------------------------------------------------------
65    |Info:    [ResourceManager] Registering I2C interface: /dev/i2c-3 Device 1002:13C0 Subsystem: 1458:D000
65    |Info:    [ResourceManager] Registering I2C interface: /dev/i2c-10 Device 10DE:2C05 Subsystem: 1458:4182
65    |Info:    [ResourceManager] Registering I2C interface: /dev/i2c-1 Device 0000:0000 Subsystem: 0000:0000
65    |Info:    [ResourceManager] Registering I2C interface: /dev/i2c-ITE8800:00 Device 0000:0000 Subsystem: 0000:0000
65    |Info:    [ResourceManager] Registering I2C interface: /dev/i2c-8 Device 10DE:2C05 Subsystem: 1458:4182
65    |Warning: [i2c_smbus_linux] Failed to read i2c device PCI device ID
65    |Info:    [ResourceManager] Registering I2C interface: /dev/i2c-6 Device 0000:0000 Subsystem: 0000:0000
65    |Info:    [ResourceManager] Registering I2C interface: /dev/i2c-4 Device 1002:13C0 Subsystem: 1458:D000
65    |Info:    [ResourceManager] Registering I2C interface: /dev/i2c-11 Device 10DE:2C05 Subsystem: 1458:4182
65    |Info:    [ResourceManager] Registering I2C interface: /dev/i2c-2 Device 1002:13C0 Subsystem: 1458:D000
65    |Info:    [ResourceManager] Registering I2C interface: /dev/i2c-0 Device 0000:0000 Subsystem: 0000:0000
65    |Info:    [ResourceManager] Registering I2C interface: /dev/i2c-ITE8800:01 Device 0000:0000 Subsystem: 0000:0000
65    |Info:    [ResourceManager] Registering I2C interface: /dev/i2c-9 Device 10DE:2C05 Subsystem: 1458:4182
65    |Warning: [i2c_smbus_linux] Failed to read i2c device PCI device ID
65    |Info:    [ResourceManager] Registering I2C interface: /dev/i2c-7 Device 0000:0000 Subsystem: 0000:0000
65    |Info:    [ResourceManager] Registering I2C interface: /dev/i2c-5 Device 1002:13C0 Subsystem: 1458:D000
65    |Info:    [ResourceManager] Registering I2C interface: /dev/i2c-12 Device 10DE:2C05 Subsystem: 1458:4182
65    |Info:    ------------------------------------------------------
65    |Info:    |               Detecting I2C devices                |
65    |Info:    ------------------------------------------------------
87    |Info:    ------------------------------------------------------
87    |Info:    |            Detecting I2C DIMM modules              |
87    |Info:    ------------------------------------------------------
87    |Info:    ------------------------------------------------------
87    |Info:    |               Detecting I2C PCI devices            |
87    |Info:    ------------------------------------------------------
292   |Info:    [Gigabyte GeForce RTX 5070 Ti Eagle OC ICE] Registering RGB controller
380   |Info:    ------------------------------------------------------
380   |Info:    |               Detecting HID devices                |
380   |Info:    ------------------------------------------------------
436   |Info:    [Corsair Lighting Node Core] Registering RGB controller
489   |Info:    [Corsair Lighting Node Core] Registering RGB controller
712   |Info:    [X870E AORUS ELITE WIFI7 ICE] Registering RGB controller
714   |Info:    ------------------------------------------------------
714   |Info:    |            Detecting libusb HID devices            |
714   |Info:    ------------------------------------------------------
948   |Info:    ------------------------------------------------------
948   |Info:    |              Detecting other devices               |
948   |Info:    ------------------------------------------------------
960   |Info:    [ResourceManager] Calling Post-detection callbacks
960   |Info:    ------------------------------------------------------
960   |Info:    |                Detection completed                 |
960   |Info:    ------------------------------------------------------
960   |Dialog:  <h2>Some internal devices may not be detected:</h2><p>One or more I2C or SMBus interfaces failed to initialize.</p><p><b>RGB DRAM modules, some motherboards' onboard RGB lighting, and RGB Graphics Cards, will not be available in OpenRGB</b> without I2C or SMBus.</p><h4>How to fix this:</h4><p>On Linux, this is usually because the i2c-dev module is not loaded.</p><p>You must load the i2c-dev module along with the correct i2c driver for your motherboard. This is usually i2c-piix4 for AMD systems and i2c-i801 for Intel systems.</p><p>See <a href='https://help.openrgb.org/'>help.openrgb.org</a> for additional troubleshooting steps if you keep seeing this message.<br></p><h3>If you are not using internal RGB on a desktop this message is not important to you.</h3>
37495 |Info:    [ResourceManager] Initializing HID interfaces: Success
37495 |Info:    ------------------------------------------------------
37495 |Info:    |               Start device detection               |
37495 |Info:    ------------------------------------------------------
37501 |Info:    ------------------------------------------------------
37501 |Info:    |             Detecting I2C interfaces               |
37501 |Info:    ------------------------------------------------------
37501 |Info:    [ResourceManager] Registering I2C interface: /dev/i2c-3 Device 1002:13C0 Subsystem: 1458:D000
37501 |Info:    [ResourceManager] Registering I2C interface: /dev/i2c-10 Device 10DE:2C05 Subsystem: 1458:4182
37501 |Info:    [ResourceManager] Registering I2C interface: /dev/i2c-1 Device 0000:0000 Subsystem: 0000:0000
37501 |Info:    [ResourceManager] Registering I2C interface: /dev/i2c-ITE8800:00 Device 0000:0000 Subsystem: 0000:0000
37501 |Info:    [ResourceManager] Registering I2C interface: /dev/i2c-8 Device 10DE:2C05 Subsystem: 1458:4182
37501 |Warning: [i2c_smbus_linux] Failed to read i2c device PCI device ID
37502 |Info:    [ResourceManager] Registering I2C interface: /dev/i2c-6 Device 0000:0000 Subsystem: 0000:0000
37502 |Info:    [ResourceManager] Registering I2C interface: /dev/i2c-4 Device 1002:13C0 Subsystem: 1458:D000
37502 |Info:    [ResourceManager] Registering I2C interface: /dev/i2c-11 Device 10DE:2C05 Subsystem: 1458:4182
37502 |Info:    [ResourceManager] Registering I2C interface: /dev/i2c-2 Device 1002:13C0 Subsystem: 1458:D000
37502 |Info:    [ResourceManager] Registering I2C interface: /dev/i2c-0 Device 0000:0000 Subsystem: 0000:0000
37502 |Info:    [ResourceManager] Registering I2C interface: /dev/i2c-ITE8800:01 Device 0000:0000 Subsystem: 0000:0000
37502 |Info:    [ResourceManager] Registering I2C interface: /dev/i2c-9 Device 10DE:2C05 Subsystem: 1458:4182
37502 |Warning: [i2c_smbus_linux] Failed to read i2c device PCI device ID
37502 |Info:    [ResourceManager] Registering I2C interface: /dev/i2c-7 Device 0000:0000 Subsystem: 0000:0000
37502 |Info:    [ResourceManager] Registering I2C interface: /dev/i2c-5 Device 1002:13C0 Subsystem: 1458:D000
37502 |Info:    [ResourceManager] Registering I2C interface: /dev/i2c-12 Device 10DE:2C05 Subsystem: 1458:4182
37502 |Info:    ------------------------------------------------------
37502 |Info:    |               Detecting I2C devices                |
37502 |Info:    ------------------------------------------------------
37523 |Info:    ------------------------------------------------------
37523 |Info:    |            Detecting I2C DIMM modules              |
37523 |Info:    ------------------------------------------------------
37523 |Info:    ------------------------------------------------------
37523 |Info:    |               Detecting I2C PCI devices            |
37523 |Info:    ------------------------------------------------------
37716 |Info:    [Gigabyte GeForce RTX 5070 Ti Eagle OC ICE] Registering RGB controller
37800 |Info:    ------------------------------------------------------
37800 |Info:    |               Detecting HID devices                |
37800 |Info:    ------------------------------------------------------
37853 |Info:    [Corsair Lighting Node Core] Registering RGB controller
37905 |Info:    [Corsair Lighting Node Core] Registering RGB controller
38070 |Info:    [X870E AORUS ELITE WIFI7 ICE] Registering RGB controller
38072 |Info:    ------------------------------------------------------
38072 |Info:    |            Detecting libusb HID devices            |
38072 |Info:    ------------------------------------------------------
38300 |Info:    ------------------------------------------------------
38300 |Info:    |              Detecting other devices               |
38300 |Info:    ------------------------------------------------------
38306 |Info:    [ResourceManager] Calling Post-detection callbacks
38306 |Info:    ------------------------------------------------------
38306 |Info:    |                Detection completed                 |
38306 |Info:    ------------------------------------------------------
38306 |Dialog:  <h2>Some internal devices may not be detected:</h2><p>One or more I2C or SMBus interfaces failed to initialize.</p><p><b>RGB DRAM modules, some motherboards' onboard RGB lighting, and RGB Graphics Cards, will not be available in OpenRGB</b> without I2C or SMBus.</p><h4>How to fix this:</h4><p>On Linux, this is usually because the i2c-dev module is not loaded.</p><p>You must load the i2c-dev module along with the correct i2c driver for your motherboard. This is usually i2c-piix4 for AMD systems and i2c-i801 for Intel systems.</p><p>See <a href='https://help.openrgb.org/'>help.openrgb.org</a> for additional troubleshooting steps if you keep seeing this message.<br></p><h3>If you are not using internal RGB on a desktop this message is not important to you.</h3>
55503 |Info:    [ProfileManager] Found file: 1.orp attempting to validate header
55503 |Info:    [ProfileManager] Valid v5 profile found for 1
