    OpenRGB v0.9+ (git1693)
    Commit: 692ca00011e6eca52fad05b0c140dd280955c4af from 2025-10-31 07:57:46 -0500
    Launched: 20251110_232059
====================================================================================================

0     |Info:    [ProfileManager] Found file: 1.orp attempting to validate header
0     |Info:    [ProfileManager] Valid v5 profile found for 1
60    |Info:    [ResourceManager] Initializing HID interfaces: Success
60    |Info:    ------------------------------------------------------
60    |Info:    |               Start device detection               |
60    |Info:    ------------------------------------------------------
65    |Info:    ------------------------------------------------------
65    |Info:    |             Detecting I2C interfaces               |
65    |Info:    ------------------------------------------------------
65    |Info:    [ResourceManager] Registering I2C interface: /dev/i2c-3 Device 1002:13C0 Subsystem: 1458:D000
65    |Info:    [ResourceManager] Registering I2C interface: /dev/i2c-10 Device 10DE:2C05 Subsystem: 1458:4182
65    |Info:    [ResourceManager] Registering I2C interface: /dev/i2c-1 Device 0000:0000 Subsystem: 0000:0000
65    |Info:    [ResourceManager] Registering I2C interface: /dev/i2c-ITE8800:00 Device 0000:0000 Subsystem: 0000:0000
65    |Info:    [ResourceManager] Registering I2C interface: /dev/i2c-8 Device 10DE:2C05 Subsystem: 1458:4182
65    |Warning: [i2c_smbus_linux] Failed to read i2c device PCI device ID
65    |Info:    [ResourceManager] Registering I2C interface: /dev/i2c-6 Device 0000:0000 Subsystem: 0000:0000
65    |Info:    [ResourceManager] Registering I2C interface: /dev/i2c-4 Device 1002:13C0 Subsystem: 1458:D000
65    |Info:    [ResourceManager] Registering I2C interface: /dev/i2c-11 Device 10DE:2C05 Subsystem: 1458:4182
65    |Info:    [ResourceManager] Registering I2C interface: /dev/i2c-2 Device 1002:13C0 Subsystem: 1458:D000
65    |Info:    [ResourceManager] Registering I2C interface: /dev/i2c-0 Device 0000:0000 Subsystem: 0000:0000
65    |Info:    [ResourceManager] Registering I2C interface: /dev/i2c-ITE8800:01 Device 0000:0000 Subsystem: 0000:0000
65    |Info:    [ResourceManager] Registering I2C interface: /dev/i2c-9 Device 10DE:2C05 Subsystem: 1458:4182
65    |Warning: [i2c_smbus_linux] Failed to read i2c device PCI device ID
65    |Info:    [ResourceManager] Registering I2C interface: /dev/i2c-7 Device 0000:0000 Subsystem: 0000:0000
66    |Info:    [ResourceManager] Registering I2C interface: /dev/i2c-5 Device 1002:13C0 Subsystem: 1458:D000
66    |Info:    [ResourceManager] Registering I2C interface: /dev/i2c-12 Device 10DE:2C05 Subsystem: 1458:4182
66    |Info:    ------------------------------------------------------
66    |Info:    |               Detecting I2C devices                |
66    |Info:    ------------------------------------------------------
87    |Info:    ------------------------------------------------------
87    |Info:    |            Detecting I2C DIMM modules              |
87    |Info:    ------------------------------------------------------
87    |Info:    ------------------------------------------------------
87    |Info:    |               Detecting I2C PCI devices            |
87    |Info:    ------------------------------------------------------
283   |Info:    [Gigabyte GeForce RTX 5070 Ti Eagle OC ICE] Registering RGB controller
377   |Info:    ------------------------------------------------------
377   |Info:    |               Detecting HID devices                |
377   |Info:    ------------------------------------------------------
430   |Info:    [Corsair Lighting Node Core] Registering RGB controller
483   |Info:    [Corsair Lighting Node Core] Registering RGB controller
716   |Info:    [X870E AORUS ELITE WIFI7 ICE] Registering RGB controller
718   |Info:    ------------------------------------------------------
718   |Info:    |            Detecting libusb HID devices            |
718   |Info:    ------------------------------------------------------
952   |Info:    ------------------------------------------------------
952   |Info:    |              Detecting other devices               |
952   |Info:    ------------------------------------------------------
965   |Info:    [ResourceManager] Calling Post-detection callbacks
965   |Info:    ------------------------------------------------------
965   |Info:    |                Detection completed                 |
965   |Info:    ------------------------------------------------------
965   |Dialog:  <h2>Some internal devices may not be detected:</h2><p>One or more I2C or SMBus interfaces failed to initialize.</p><p><b>RGB DRAM modules, some motherboards' onboard RGB lighting, and RGB Graphics Cards, will not be available in OpenRGB</b> without I2C or SMBus.</p><h4>How to fix this:</h4><p>On Linux, this is usually because the i2c-dev module is not loaded.</p><p>You must load the i2c-dev module along with the correct i2c driver for your motherboard. This is usually i2c-piix4 for AMD systems and i2c-i801 for Intel systems.</p><p>See <a href='https://help.openrgb.org/'>help.openrgb.org</a> for additional troubleshooting steps if you keep seeing this message.<br></p><h3>If you are not using internal RGB on a desktop this message is not important to you.</h3>
